DEBUG:schedule:Running job Job(interval=30, unit=seconds, do=run_threaded, args=(<bound method ResponseTimeMonitor.check_drs_flow_response_times of <__main__.ResponseTimeMonitor object at 0x1049638b0>>,), kwargs={})
DEBUG:google.auth._default:Checking None for explicit credentials as part of auth process...
DEBUG:google.auth._default:Checking Cloud SDK credentials as part of auth process...
DEBUG:google.auth.transport.requests:Making request: POST https://oauth2.googleapis.com/token
DEBUG:urllib3.connectionpool:Starting new HTTPS connection (1): oauth2.googleapis.com:443
DEBUG:urllib3.connectionpool:https://oauth2.googleapis.com:443 "POST /token HTTP/1.1" 200 None
DEBUG:urllib3.connectionpool:Starting new HTTPS connection (1): staging.gen3.biodatacatalyst.nhlbi.nih.gov:443
DEBUG:urllib3.connectionpool:https://staging.gen3.biodatacatalyst.nhlbi.nih.gov:443 "GET /ga4gh/drs/v1/objects/dg.712C/fa640b0e-9779-452f-99a6-16d833d15bd0 HTTP/1.1" 200 None
DEBUG:root:Request URL: https://staging.gen3.biodatacatalyst.nhlbi.nih.gov/ga4gh/drs/v1/objects/dg.712C/fa640b0e-9779-452f-99a6-16d833d15bd0
DEBUG:urllib3.connectionpool:Starting new HTTPS connection (1): broad-bond-dev.appspot.com:443
DEBUG:urllib3.connectionpool:https://broad-bond-dev.appspot.com:443 "GET /api/link/v1/fence/accesstoken HTTP/1.1" 200 None
DEBUG:root:Request URL: https://broad-bond-dev.appspot.com/api/link/v1/fence/accesstoken
DEBUG:urllib3.connectionpool:Starting new HTTPS connection (1): staging.gen3.biodatacatalyst.nhlbi.nih.gov:443
DEBUG:urllib3.connectionpool:https://staging.gen3.biodatacatalyst.nhlbi.nih.gov:443 "GET /ga4gh/drs/v1/objects/dg.712C/fa640b0e-9779-452f-99a6-16d833d15bd0/access/gs HTTP/1.1" 200 None
DEBUG:root:Request URL: https://staging.gen3.biodatacatalyst.nhlbi.nih.gov/ga4gh/drs/v1/objects/dg.712C/fa640b0e-9779-452f-99a6-16d833d15bd0/access/gs
DEBUG:schedule:Running job Job(interval=30, unit=seconds, do=run_threaded, args=(<bound method ResponseTimeMonitor.check_drs_flow_response_times of <__main__.ResponseTimeMonitor object at 0x1049638b0>>,), kwargs={})
DEBUG:google.auth._default:Checking None for explicit credentials as part of auth process...
DEBUG:google.auth._default:Checking Cloud SDK credentials as part of auth process...
DEBUG:google.auth.transport.requests:Making request: POST https://oauth2.googleapis.com/token
DEBUG:urllib3.connectionpool:Starting new HTTPS connection (1): oauth2.googleapis.com:443
DEBUG:urllib3.connectionpool:https://oauth2.googleapis.com:443 "POST /token HTTP/1.1" 200 None
DEBUG:urllib3.connectionpool:Starting new HTTPS connection (1): staging.gen3.biodatacatalyst.nhlbi.nih.gov:443
DEBUG:urllib3.connectionpool:https://staging.gen3.biodatacatalyst.nhlbi.nih.gov:443 "GET /ga4gh/drs/v1/objects/dg.712C/fa640b0e-9779-452f-99a6-16d833d15bd0 HTTP/1.1" 200 None
DEBUG:root:Request URL: https://staging.gen3.biodatacatalyst.nhlbi.nih.gov/ga4gh/drs/v1/objects/dg.712C/fa640b0e-9779-452f-99a6-16d833d15bd0
DEBUG:urllib3.connectionpool:Starting new HTTPS connection (1): broad-bond-dev.appspot.com:443
DEBUG:urllib3.connectionpool:https://broad-bond-dev.appspot.com:443 "GET /api/link/v1/fence/accesstoken HTTP/1.1" 200 None
DEBUG:root:Request URL: https://broad-bond-dev.appspot.com/api/link/v1/fence/accesstoken
DEBUG:urllib3.connectionpool:Starting new HTTPS connection (1): staging.gen3.biodatacatalyst.nhlbi.nih.gov:443
DEBUG:urllib3.connectionpool:https://staging.gen3.biodatacatalyst.nhlbi.nih.gov:443 "GET /ga4gh/drs/v1/objects/dg.712C/fa640b0e-9779-452f-99a6-16d833d15bd0/access/gs HTTP/1.1" 200 None
DEBUG:root:Request URL: https://staging.gen3.biodatacatalyst.nhlbi.nih.gov/ga4gh/drs/v1/objects/dg.712C/fa640b0e-9779-452f-99a6-16d833d15bd0/access/gs
